Using pre-set license
Built from '2020.2/staging' branch; Version is '2020.2.3f1 (8ff31bc5bf5b) revision 9433883'; Using compiler version '192528614'; Build Type 'Release'
OS: 'Windows 10 Home; OS build 19041.867; Version 2004; 64bit' Language: 'en' Physical Memory: 16269 MB
BatchMode: 1, IsHumanControllingUs: 0, StartBugReporterOnCrash: 0, Is64bit: 1, IsPro: 0

 COMMAND LINE ARGUMENTS:
C:\Program Files\Unity\Hub\Editor\2020.2.3f1\Editor\Unity.exe
-adb2
-batchMode
-noUpm
-name
AssetImportWorker0
-projectPath
C:/Users/George Tang/Desktop/Assignment 9
-logFile
Logs/AssetImportWorker0.log
-srvPort
64354
Successfully changed project path to: C:/Users/George Tang/Desktop/Assignment 9
C:/Users/George Tang/Desktop/Assignment 9
Using Asset Import Pipeline V2.
Refreshing native plugins compatible for Editor in 23.78 ms, found 0 plugins.
Preloading 0 native plugins for Editor in 0.00 ms.
Initialize engine version: 2020.2.3f1 (8ff31bc5bf5b)
[Subsystems] Discovering subsystems at path C:/Program Files/Unity/Hub/Editor/2020.2.3f1/Editor/Data/Resources/UnitySubsystems
[Subsystems] Discovering subsystems at path C:/Users/George Tang/Desktop/Assignment 9/Assets
GfxDevice: creating device client; threaded=0
Direct3D:
    Version:  Direct3D 11.0 [level 11.1]
    Renderer: NVIDIA GeForce GTX 1070 (ID=0x1ba1)
    Vendor:   
    VRAM:     8081 MB
    Driver:   27.21.14.6140
Initialize mono
Mono path[0] = 'C:/Program Files/Unity/Hub/Editor/2020.2.3f1/Editor/Data/Managed'
Mono path[1] = 'C:/Program Files/Unity/Hub/Editor/2020.2.3f1/Editor/Data/MonoBleedingEdge/lib/mono/unityjit'
Mono config path = 'C:/Program Files/Unity/Hub/Editor/2020.2.3f1/Editor/Data/MonoBleedingEdge/etc'
Using monoOptions --debugger-agent=transport=dt_socket,embedding=1,server=y,suspend=n,address=127.0.0.1:56084
Begin MonoManager ReloadAssembly
Registering precompiled unity dll's ...
Register platform support module: C:/Program Files/Unity/Hub/Editor/2020.2.3f1/Editor/Data/PlaybackEngines/WebGLSupport/UnityEditor.WebGL.Extensions.dll
Register platform support module: C:/Program Files/Unity/Hub/Editor/2020.2.3f1/Editor/Data/PlaybackEngines/WindowsStandaloneSupport/UnityEditor.WindowsStandalone.Extensions.dll
Registered in 0.003904 seconds.
Native extension for WindowsStandalone target not found
Native extension for WebGL target not found
Refreshing native plugins compatible for Editor in 27.62 ms, found 0 plugins.
Preloading 0 native plugins for Editor in 0.00 ms.
Invoked RoslynAnalysisRunner static constructor.
RoslynAnalysisRunner will not be running.
RoslynAnalysisRunner has terminated.
Mono: successfully reloaded assembly
- Completed reload, in  1.502 seconds
Platform modules already initialized, skipping
Registering precompiled user dll's ...
Registered in 0.000879 seconds.
Begin MonoManager ReloadAssembly
Native extension for WindowsStandalone target not found
Native extension for WebGL target not found
Refreshing native plugins compatible for Editor in 0.19 ms, found 0 plugins.
Preloading 0 native plugins for Editor in 0.00 ms.
Invoked RoslynAnalysisRunner static constructor.
RoslynAnalysisRunner will not be running.
RoslynAnalysisRunner has terminated.
Mono: successfully reloaded assembly
- Completed reload, in  0.972 seconds
Platform modules already initialized, skipping
========================================================================
Worker process is ready to serve import requests
Launched and connected shader compiler UnityShaderCompiler.exe after 0.05 seconds
Refreshing native plugins compatible for Editor in 0.20 ms, found 0 plugins.
Preloading 0 native plugins for Editor in 0.00 ms.
Unloading 1109 Unused Serialized files (Serialized files now loaded: 0)
System memory in use before: 56.8 MB.
System memory in use after: 56.8 MB.

Unloading 10 unused Assets to reduce memory usage. Loaded Objects now: 1551.
Total: 2.241000 ms (FindLiveObjects: 0.166000 ms CreateObjectMapping: 0.053700 ms MarkObjects: 1.932200 ms  DeleteObjects: 0.087800 ms)

========================================================================
Received Import Request.
  path: Assets/Scenes/Demo.unity
  artifactKey: Guid(05058a335defbf94f9e8175d97c75b13) Importer(815301076,1909f56bfc062723c751e8b465ee728b)
Start importing Assets/Scenes/Demo.unity using Guid(05058a335defbf94f9e8175d97c75b13) Importer(815301076,1909f56bfc062723c751e8b465ee728b)  -> (artifact id: '859367d8512b73c6c33cff7d1d7a5f03') in 0.017956 seconds
  Import took 0.020220 seconds .

========================================================================
Received Import Request.
  Time since last request: 0.710271 seconds.
  path: Assets/Scenes/SampleScene.unity
  artifactKey: Guid(9fc0d4010bbf28b4594072e72b8655ab) Importer(815301076,1909f56bfc062723c751e8b465ee728b)
Start importing Assets/Scenes/SampleScene.unity using Guid(9fc0d4010bbf28b4594072e72b8655ab) Importer(815301076,1909f56bfc062723c751e8b465ee728b)  -> (artifact id: 'a0ba9fd0a808516969c642a6079d4ee5') in 0.005821 seconds
  Import took 0.008074 seconds .

========================================================================
Received Import Request.
  Time since last request: 0.006087 seconds.
  path: Assets/Scenes/SampleScene.unity
  artifactKey: Guid(9fc0d4010bbf28b4594072e72b8655ab) Importer(815301076,1909f56bfc062723c751e8b465ee728b)
Start importing Assets/Scenes/SampleScene.unity using Guid(9fc0d4010bbf28b4594072e72b8655ab) Importer(815301076,1909f56bfc062723c751e8b465ee728b)  -> (artifact id: 'a0ba9fd0a808516969c642a6079d4ee5') in 0.004618 seconds
  Import took 0.007071 seconds .

========================================================================
Received Import Request.
  Time since last request: 15.097929 seconds.
  path: Assets/Scripts/BattleSystem.cs
  artifactKey: Guid(3e5ba75a2247809488819761cd0d336f) Importer(815301076,1909f56bfc062723c751e8b465ee728b)
Start importing Assets/Scripts/BattleSystem.cs using Guid(3e5ba75a2247809488819761cd0d336f) Importer(815301076,1909f56bfc062723c751e8b465ee728b)  -> (artifact id: 'c3ac2ab5dde5dd539e4bc4921f18cf09') in 0.025793 seconds
  Import took 0.028122 seconds .

========================================================================
Received Import Request.
  Time since last request: 0.016325 seconds.
  path: Assets/Scripts/BattleSystem.cs
  artifactKey: Guid(3e5ba75a2247809488819761cd0d336f) Importer(815301076,1909f56bfc062723c751e8b465ee728b)
Start importing Assets/Scripts/BattleSystem.cs using Guid(3e5ba75a2247809488819761cd0d336f) Importer(815301076,1909f56bfc062723c751e8b465ee728b)  -> (artifact id: 'c3ac2ab5dde5dd539e4bc4921f18cf09') in 0.003208 seconds
  Import took 0.005528 seconds .

========================================================================
Received Prepare
Registering precompiled user dll's ...
Registered in 0.000902 seconds.
Begin MonoManager ReloadAssembly
Native extension for WindowsStandalone target not found
Native extension for WebGL target not found
Refreshing native plugins compatible for Editor in 0.29 ms, found 0 plugins.
Preloading 0 native plugins for Editor in 0.00 ms.
Invoked RoslynAnalysisRunner static constructor.
RoslynAnalysisRunner will not be running.
RoslynAnalysisRunner has terminated.
Mono: successfully reloaded assembly
- Completed reload, in  1.743 seconds
Platform modules already initialized, skipping
Refreshing native plugins compatible for Editor in 0.34 ms, found 0 plugins.
Preloading 0 native plugins for Editor in 0.00 ms.
Unloading 1104 Unused Serialized files (Serialized files now loaded: 0)
System memory in use before: 56.7 MB.
System memory in use after: 56.8 MB.

Unloading 5 unused Assets to reduce memory usage. Loaded Objects now: 1553.
Total: 3.640100 ms (FindLiveObjects: 0.508100 ms CreateObjectMapping: 0.120500 ms MarkObjects: 2.899600 ms  DeleteObjects: 0.108700 ms)

========================================================================
Received Import Request.
  Time since last request: 666.984623 seconds.
  path: Assets/Scripts/BattleSystem.cs
  artifactKey: Guid(3e5ba75a2247809488819761cd0d336f) Importer(815301076,1909f56bfc062723c751e8b465ee728b)
Start importing Assets/Scripts/BattleSystem.cs using Guid(3e5ba75a2247809488819761cd0d336f) Importer(815301076,1909f56bfc062723c751e8b465ee728b)  -> (artifact id: '1c5807bef5af9c2889a74c427f673acd') in 0.018439 seconds
  Import took 0.024865 seconds .

========================================================================
Received Import Request.
  Time since last request: 0.008555 seconds.
  path: Assets/Scripts/BattleSystem.cs
  artifactKey: Guid(3e5ba75a2247809488819761cd0d336f) Importer(815301076,1909f56bfc062723c751e8b465ee728b)
Start importing Assets/Scripts/BattleSystem.cs using Guid(3e5ba75a2247809488819761cd0d336f) Importer(815301076,1909f56bfc062723c751e8b465ee728b)  -> (artifact id: '1c5807bef5af9c2889a74c427f673acd') in 0.010742 seconds
  Import took 0.016898 seconds .

AssetImportWorkerClient::OnTransportError - code=2 error=End of file
