Using pre-set license
Built from '2020.2/staging' branch; Version is '2020.2.3f1 (8ff31bc5bf5b) revision 9433883'; Using compiler version '192528614'; Build Type 'Release'
OS: 'Windows 10 Home; OS build 19041.867; Version 2004; 64bit' Language: 'en' Physical Memory: 16269 MB
BatchMode: 1, IsHumanControllingUs: 0, StartBugReporterOnCrash: 0, Is64bit: 1, IsPro: 0

 COMMAND LINE ARGUMENTS:
C:\Program Files\Unity\Hub\Editor\2020.2.3f1\Editor\Unity.exe
-adb2
-batchMode
-noUpm
-name
AssetImportWorker0
-projectPath
C:/Users/George Tang/Desktop/Assignment 9
-logFile
Logs/AssetImportWorker0.log
-srvPort
51540
Successfully changed project path to: C:/Users/George Tang/Desktop/Assignment 9
C:/Users/George Tang/Desktop/Assignment 9
Using Asset Import Pipeline V2.
Refreshing native plugins compatible for Editor in 25.23 ms, found 0 plugins.
Preloading 0 native plugins for Editor in 0.00 ms.
Initialize engine version: 2020.2.3f1 (8ff31bc5bf5b)
[Subsystems] Discovering subsystems at path C:/Program Files/Unity/Hub/Editor/2020.2.3f1/Editor/Data/Resources/UnitySubsystems
[Subsystems] Discovering subsystems at path C:/Users/George Tang/Desktop/Assignment 9/Assets
GfxDevice: creating device client; threaded=0
Direct3D:
    Version:  Direct3D 11.0 [level 11.1]
    Renderer: NVIDIA GeForce GTX 1070 (ID=0x1ba1)
    Vendor:   
    VRAM:     8081 MB
    Driver:   27.21.14.6140
Initialize mono
Mono path[0] = 'C:/Program Files/Unity/Hub/Editor/2020.2.3f1/Editor/Data/Managed'
Mono path[1] = 'C:/Program Files/Unity/Hub/Editor/2020.2.3f1/Editor/Data/MonoBleedingEdge/lib/mono/unityjit'
Mono config path = 'C:/Program Files/Unity/Hub/Editor/2020.2.3f1/Editor/Data/MonoBleedingEdge/etc'
Using monoOptions --debugger-agent=transport=dt_socket,embedding=1,server=y,suspend=n,address=127.0.0.1:56188
Begin MonoManager ReloadAssembly
Registering precompiled unity dll's ...
Register platform support module: C:/Program Files/Unity/Hub/Editor/2020.2.3f1/Editor/Data/PlaybackEngines/WebGLSupport/UnityEditor.WebGL.Extensions.dll
Register platform support module: C:/Program Files/Unity/Hub/Editor/2020.2.3f1/Editor/Data/PlaybackEngines/WindowsStandaloneSupport/UnityEditor.WindowsStandalone.Extensions.dll
Registered in 0.003132 seconds.
Native extension for WindowsStandalone target not found
Native extension for WebGL target not found
Refreshing native plugins compatible for Editor in 38.06 ms, found 0 plugins.
Preloading 0 native plugins for Editor in 0.00 ms.
Invoked RoslynAnalysisRunner static constructor.
RoslynAnalysisRunner will not be running.
RoslynAnalysisRunner has terminated.
Mono: successfully reloaded assembly
- Completed reload, in  1.383 seconds
Platform modules already initialized, skipping
Registering precompiled user dll's ...
Registered in 0.000862 seconds.
Begin MonoManager ReloadAssembly
Native extension for WindowsStandalone target not found
Native extension for WebGL target not found
Refreshing native plugins compatible for Editor in 0.19 ms, found 0 plugins.
Preloading 0 native plugins for Editor in 0.00 ms.
Invoked RoslynAnalysisRunner static constructor.
RoslynAnalysisRunner will not be running.
RoslynAnalysisRunner has terminated.
Mono: successfully reloaded assembly
- Completed reload, in  0.933 seconds
Platform modules already initialized, skipping
========================================================================
Worker process is ready to serve import requests
Launched and connected shader compiler UnityShaderCompiler.exe after 0.06 seconds
Refreshing native plugins compatible for Editor in 0.19 ms, found 0 plugins.
Preloading 0 native plugins for Editor in 0.00 ms.
Unloading 1110 Unused Serialized files (Serialized files now loaded: 0)
System memory in use before: 56.8 MB.
System memory in use after: 56.8 MB.

Unloading 10 unused Assets to reduce memory usage. Loaded Objects now: 1552.
Total: 2.086400 ms (FindLiveObjects: 0.158700 ms CreateObjectMapping: 0.052700 ms MarkObjects: 1.785600 ms  DeleteObjects: 0.087700 ms)

========================================================================
Received Import Request.
  path: Assets/Scripts
  artifactKey: Guid(d76a65e71cc35ce44aa2af98830364e2) Importer(815301076,1909f56bfc062723c751e8b465ee728b)
Start importing Assets/Scripts using Guid(d76a65e71cc35ce44aa2af98830364e2) Importer(815301076,1909f56bfc062723c751e8b465ee728b)  -> (artifact id: '9e604d17a8523c1fc584f6c607b4d205') in 0.006612 seconds
  Import took 0.008813 seconds .

========================================================================
Received Import Request.
  Time since last request: 11.927309 seconds.
  path: Assets/Scripts/HUD.cs
  artifactKey: Guid(263472f3a2a91854986b54ef1d706d59) Importer(815301076,1909f56bfc062723c751e8b465ee728b)
Start importing Assets/Scripts/HUD.cs using Guid(263472f3a2a91854986b54ef1d706d59) Importer(815301076,1909f56bfc062723c751e8b465ee728b)  -> (artifact id: '9861dac333b9ca6ce3112bd04104e592') in 0.031303 seconds
  Import took 0.033592 seconds .

========================================================================
Received Import Request.
  Time since last request: 4.413786 seconds.
  path: Assets/Scripts/PauseState.cs
  artifactKey: Guid(d1f02b4f1c504d6da4181e6aa5fcddef) Importer(815301076,1909f56bfc062723c751e8b465ee728b)
Start importing Assets/Scripts/PauseState.cs using Guid(d1f02b4f1c504d6da4181e6aa5fcddef) Importer(815301076,1909f56bfc062723c751e8b465ee728b)  -> (artifact id: '19fbff8ffdf750796407dbf7d2b4234b') in 0.004771 seconds
  Import took 0.007715 seconds .

========================================================================
Received Import Request.
  Time since last request: 47.716769 seconds.
  path: Assets/Scripts/EnemyTurnState.cs
  artifactKey: Guid(8246298c22ad45439a5d2f03097af879) Importer(815301076,1909f56bfc062723c751e8b465ee728b)
Start importing Assets/Scripts/EnemyTurnState.cs using Guid(8246298c22ad45439a5d2f03097af879) Importer(815301076,1909f56bfc062723c751e8b465ee728b)  -> (artifact id: '708a1b195cfa227ff07cf89183a6cb27') in 0.004364 seconds
  Import took 0.006926 seconds .

========================================================================
Received Import Request.
  Time since last request: 24.957981 seconds.
  path: Assets/Scripts/UnitHUD.cs
  artifactKey: Guid(80a9f8fe14c14ad9bc10f7da6199ec12) Importer(815301076,1909f56bfc062723c751e8b465ee728b)
Start importing Assets/Scripts/UnitHUD.cs using Guid(80a9f8fe14c14ad9bc10f7da6199ec12) Importer(815301076,1909f56bfc062723c751e8b465ee728b)  -> (artifact id: 'd08f3026fa1b6ea959a788a60de14551') in 0.004978 seconds
  Import took 0.007230 seconds .

========================================================================
Received Prepare
Registering precompiled user dll's ...
Registered in 0.000981 seconds.
Begin MonoManager ReloadAssembly
Native extension for WindowsStandalone target not found
Native extension for WebGL target not found
Refreshing native plugins compatible for Editor in 0.26 ms, found 0 plugins.
Preloading 0 native plugins for Editor in 0.00 ms.
Invoked RoslynAnalysisRunner static constructor.
RoslynAnalysisRunner will not be running.
RoslynAnalysisRunner has terminated.
Mono: successfully reloaded assembly
- Completed reload, in  0.945 seconds
Platform modules already initialized, skipping
Refreshing native plugins compatible for Editor in 0.31 ms, found 0 plugins.
Preloading 0 native plugins for Editor in 0.00 ms.
Unloading 1105 Unused Serialized files (Serialized files now loaded: 0)
System memory in use before: 56.8 MB.
System memory in use after: 56.8 MB.

Unloading 5 unused Assets to reduce memory usage. Loaded Objects now: 1554.
Total: 1.935700 ms (FindLiveObjects: 0.224600 ms CreateObjectMapping: 0.054600 ms MarkObjects: 1.594700 ms  DeleteObjects: 0.060200 ms)

========================================================================
Received Import Request.
  Time since last request: 46.816032 seconds.
  path: Assets/Scripts/Unit.cs
  artifactKey: Guid(a4582d56f58b497a8a6932e88f68fab8) Importer(815301076,1909f56bfc062723c751e8b465ee728b)
Start importing Assets/Scripts/Unit.cs using Guid(a4582d56f58b497a8a6932e88f68fab8) Importer(815301076,1909f56bfc062723c751e8b465ee728b)  -> (artifact id: 'c6dd50ed18d98584c8b852837b2edbc1') in 0.007731 seconds
  Import took 0.010481 seconds .

========================================================================
Received Import Request.
  Time since last request: 13.529414 seconds.
  path: Assets/Scripts/LostState.cs
  artifactKey: Guid(d42ae51ace8f4c22853fff9ccf1b3617) Importer(815301076,1909f56bfc062723c751e8b465ee728b)
Start importing Assets/Scripts/LostState.cs using Guid(d42ae51ace8f4c22853fff9ccf1b3617) Importer(815301076,1909f56bfc062723c751e8b465ee728b)  -> (artifact id: '7f53982d5c87fd6926af8251718c5a8e') in 0.006403 seconds
  Import took 0.009026 seconds .

========================================================================
Received Import Request.
  Time since last request: 14.967444 seconds.
  path: Assets/Scripts/WonState.cs
  artifactKey: Guid(3902e9ea88074dc5945f0080e04c8d6c) Importer(815301076,1909f56bfc062723c751e8b465ee728b)
Start importing Assets/Scripts/WonState.cs using Guid(3902e9ea88074dc5945f0080e04c8d6c) Importer(815301076,1909f56bfc062723c751e8b465ee728b)  -> (artifact id: '9763a3d9c49069c656b5b1472c00341e') in 0.005099 seconds
  Import took 0.007561 seconds .

========================================================================
Received Import Request.
  Time since last request: 0.001561 seconds.
  path: Assets/Scripts/WonState.cs
  artifactKey: Guid(3902e9ea88074dc5945f0080e04c8d6c) Importer(815301076,1909f56bfc062723c751e8b465ee728b)
Start importing Assets/Scripts/WonState.cs using Guid(3902e9ea88074dc5945f0080e04c8d6c) Importer(815301076,1909f56bfc062723c751e8b465ee728b)  -> (artifact id: '9763a3d9c49069c656b5b1472c00341e') in 0.005306 seconds
  Import took 0.007856 seconds .

========================================================================
Received Prepare
Registering precompiled user dll's ...
Registered in 0.000980 seconds.
Begin MonoManager ReloadAssembly
Native extension for WindowsStandalone target not found
Native extension for WebGL target not found
Refreshing native plugins compatible for Editor in 0.28 ms, found 0 plugins.
Preloading 0 native plugins for Editor in 0.00 ms.
Invoked RoslynAnalysisRunner static constructor.
RoslynAnalysisRunner will not be running.
RoslynAnalysisRunner has terminated.
Mono: successfully reloaded assembly
- Completed reload, in  0.944 seconds
Platform modules already initialized, skipping
Refreshing native plugins compatible for Editor in 0.20 ms, found 0 plugins.
Preloading 0 native plugins for Editor in 0.00 ms.
Unloading 1105 Unused Serialized files (Serialized files now loaded: 0)
System memory in use before: 56.8 MB.
System memory in use after: 56.9 MB.

Unloading 5 unused Assets to reduce memory usage. Loaded Objects now: 1556.
Total: 1.852900 ms (FindLiveObjects: 0.135100 ms CreateObjectMapping: 0.036000 ms MarkObjects: 1.630300 ms  DeleteObjects: 0.050600 ms)

========================================================================
Received Import Request.
  Time since last request: 511.426486 seconds.
  path: Assets/Textures/fill.png
  artifactKey: Guid(287383aaf92c8774f827f48d9779c5ec) Importer(815301076,1909f56bfc062723c751e8b465ee728b)
Start importing Assets/Textures/fill.png using Guid(287383aaf92c8774f827f48d9779c5ec) Importer(815301076,1909f56bfc062723c751e8b465ee728b)  -> (artifact id: 'c9301679af47459b93ce2d64f1ce4ce6') in 0.103162 seconds
  Import took 0.105559 seconds .

========================================================================
Received Import Request.
  Time since last request: 0.000517 seconds.
  path: Assets/Textures/panel.png
  artifactKey: Guid(87c23a4612ba8584a807dba236054c6b) Importer(815301076,1909f56bfc062723c751e8b465ee728b)
Start importing Assets/Textures/panel.png using Guid(87c23a4612ba8584a807dba236054c6b) Importer(815301076,1909f56bfc062723c751e8b465ee728b)  -> (artifact id: '5a3b32f593e0adc58455c4ff3c1b9651') in 0.014981 seconds
  Import took 0.017385 seconds .

========================================================================
Received Import Request.
  Time since last request: 1.670445 seconds.
  path: Assets/Prefabs/Enemy.prefab
  artifactKey: Guid(1b07d8f6f0879f1428c623f6e69ed8cb) Importer(815301076,1909f56bfc062723c751e8b465ee728b)
Start importing Assets/Prefabs/Enemy.prefab using Guid(1b07d8f6f0879f1428c623f6e69ed8cb) Importer(815301076,1909f56bfc062723c751e8b465ee728b)  -> (artifact id: '9303c20e8c31b15e3b17d1693ec8be4b') in 0.024256 seconds
  Import took 0.026661 seconds .

========================================================================
Received Import Request.
  Time since last request: 0.000510 seconds.
  path: Assets/Prefabs/Unit HUD.prefab
  artifactKey: Guid(e2bb388c5e38e714a8f333736535f7f1) Importer(815301076,1909f56bfc062723c751e8b465ee728b)
Start importing Assets/Prefabs/Unit HUD.prefab using Guid(e2bb388c5e38e714a8f333736535f7f1) Importer(815301076,1909f56bfc062723c751e8b465ee728b)  -> (artifact id: 'c35c0e50bea1e99281cee8226515289f') in 0.017965 seconds
  Import took 0.020710 seconds .

========================================================================
Received Import Request.
  Time since last request: 0.000569 seconds.
  path: Assets/Prefabs/Player.prefab
  artifactKey: Guid(1052f1f29ca531644953d9b2d1a809b3) Importer(815301076,1909f56bfc062723c751e8b465ee728b)
Start importing Assets/Prefabs/Player.prefab using Guid(1052f1f29ca531644953d9b2d1a809b3) Importer(815301076,1909f56bfc062723c751e8b465ee728b)  -> (artifact id: '9f64adba3fc5bb8321ea733ea2991266') in 0.009569 seconds
  Import took 0.012499 seconds .

========================================================================
Received Import Request.
  Time since last request: 20.543902 seconds.
  path: Assets/Prefabs/Enemy.prefab
  artifactKey: Guid(1b07d8f6f0879f1428c623f6e69ed8cb) Importer(815301076,1909f56bfc062723c751e8b465ee728b)
Start importing Assets/Prefabs/Enemy.prefab using Guid(1b07d8f6f0879f1428c623f6e69ed8cb) Importer(815301076,1909f56bfc062723c751e8b465ee728b)  -> (artifact id: '6ca29c6a0e01e3e9ade8cb86f963a2a9') in 0.007466 seconds
  Import took 0.010105 seconds .

========================================================================
Received Import Request.
  Time since last request: 0.021103 seconds.
  path: Assets/Prefabs/Enemy.prefab
  artifactKey: Guid(1b07d8f6f0879f1428c623f6e69ed8cb) Importer(815301076,1909f56bfc062723c751e8b465ee728b)
Start importing Assets/Prefabs/Enemy.prefab using Guid(1b07d8f6f0879f1428c623f6e69ed8cb) Importer(815301076,1909f56bfc062723c751e8b465ee728b)  -> (artifact id: '6ca29c6a0e01e3e9ade8cb86f963a2a9') in 0.007954 seconds
  Import took 0.011112 seconds .

========================================================================
Received Import Request.
  Time since last request: 11.186018 seconds.
  path: Assets/Prefabs/Enemy.prefab
  artifactKey: Guid(1b07d8f6f0879f1428c623f6e69ed8cb) Importer(815301076,1909f56bfc062723c751e8b465ee728b)
Start importing Assets/Prefabs/Enemy.prefab using Guid(1b07d8f6f0879f1428c623f6e69ed8cb) Importer(815301076,1909f56bfc062723c751e8b465ee728b)  -> (artifact id: '6133f1d31ec41b494efe708e48fe3ec2') in 0.007538 seconds
  Import took 0.010816 seconds .

========================================================================
Received Import Request.
  Time since last request: 14.649370 seconds.
  path: Assets/Prefabs/Player.prefab
  artifactKey: Guid(1052f1f29ca531644953d9b2d1a809b3) Importer(815301076,1909f56bfc062723c751e8b465ee728b)
Start importing Assets/Prefabs/Player.prefab using Guid(1052f1f29ca531644953d9b2d1a809b3) Importer(815301076,1909f56bfc062723c751e8b465ee728b)  -> (artifact id: '23e63503a9c33089f4e335daf2985a25') in 0.007609 seconds
  Import took 0.010227 seconds .

========================================================================
Received Import Request.
  Time since last request: 0.017226 seconds.
  path: Assets/Prefabs/Player.prefab
  artifactKey: Guid(1052f1f29ca531644953d9b2d1a809b3) Importer(815301076,1909f56bfc062723c751e8b465ee728b)
Start importing Assets/Prefabs/Player.prefab using Guid(1052f1f29ca531644953d9b2d1a809b3) Importer(815301076,1909f56bfc062723c751e8b465ee728b)  -> (artifact id: '23e63503a9c33089f4e335daf2985a25') in 0.007157 seconds
  Import took 0.011390 seconds .

========================================================================
Received Import Request.
  Time since last request: 5.185950 seconds.
  path: Assets/Prefabs/Player.prefab
  artifactKey: Guid(1052f1f29ca531644953d9b2d1a809b3) Importer(815301076,1909f56bfc062723c751e8b465ee728b)
Start importing Assets/Prefabs/Player.prefab using Guid(1052f1f29ca531644953d9b2d1a809b3) Importer(815301076,1909f56bfc062723c751e8b465ee728b)  -> (artifact id: '7ce36923c13c210d1bfaf7d976f9a722') in 0.007477 seconds
  Import took 0.011188 seconds .

========================================================================
Received Prepare
Registering precompiled user dll's ...
Registered in 0.000993 seconds.
Begin MonoManager ReloadAssembly
Native extension for WindowsStandalone target not found
Native extension for WebGL target not found
Refreshing native plugins compatible for Editor in 0.34 ms, found 0 plugins.
Preloading 0 native plugins for Editor in 0.00 ms.
Invoked RoslynAnalysisRunner static constructor.
RoslynAnalysisRunner will not be running.
RoslynAnalysisRunner has terminated.
Mono: successfully reloaded assembly
- Completed reload, in  0.976 seconds
Platform modules already initialized, skipping
Refreshing native plugins compatible for Editor in 0.20 ms, found 0 plugins.
Preloading 0 native plugins for Editor in 0.00 ms.
Unloading 1105 Unused Serialized files (Serialized files now loaded: 0)
System memory in use before: 60.0 MB.
System memory in use after: 60.0 MB.

Unloading 5 unused Assets to reduce memory usage. Loaded Objects now: 1568.
Total: 2.109100 ms (FindLiveObjects: 0.170700 ms CreateObjectMapping: 0.047100 ms MarkObjects: 1.836900 ms  DeleteObjects: 0.052700 ms)

========================================================================
Received Prepare
Registering precompiled user dll's ...
Registered in 0.002147 seconds.
Begin MonoManager ReloadAssembly
Native extension for WindowsStandalone target not found
Native extension for WebGL target not found
Refreshing native plugins compatible for Editor in 0.58 ms, found 0 plugins.
Preloading 0 native plugins for Editor in 0.00 ms.
Invoked RoslynAnalysisRunner static constructor.
RoslynAnalysisRunner will not be running.
RoslynAnalysisRunner has terminated.
Mono: successfully reloaded assembly
- Completed reload, in  1.346 seconds
Platform modules already initialized, skipping
Refreshing native plugins compatible for Editor in 0.29 ms, found 0 plugins.
Preloading 0 native plugins for Editor in 0.00 ms.
Unloading 1105 Unused Serialized files (Serialized files now loaded: 0)
System memory in use before: 60.0 MB.
System memory in use after: 60.0 MB.

Unloading 5 unused Assets to reduce memory usage. Loaded Objects now: 1570.
Total: 2.126600 ms (FindLiveObjects: 0.172800 ms CreateObjectMapping: 0.050600 ms MarkObjects: 1.843400 ms  DeleteObjects: 0.058300 ms)

========================================================================
Received Prepare
Registering precompiled user dll's ...
Registered in 0.001407 seconds.
Begin MonoManager ReloadAssembly
Native extension for WindowsStandalone target not found
Native extension for WebGL target not found
Refreshing native plugins compatible for Editor in 0.20 ms, found 0 plugins.
Preloading 0 native plugins for Editor in 0.00 ms.
Invoked RoslynAnalysisRunner static constructor.
RoslynAnalysisRunner will not be running.
RoslynAnalysisRunner has terminated.
Mono: successfully reloaded assembly
- Completed reload, in  0.893 seconds
Platform modules already initialized, skipping
Refreshing native plugins compatible for Editor in 0.19 ms, found 0 plugins.
Preloading 0 native plugins for Editor in 0.00 ms.
Unloading 1105 Unused Serialized files (Serialized files now loaded: 0)
System memory in use before: 60.0 MB.
System memory in use after: 60.0 MB.

Unloading 5 unused Assets to reduce memory usage. Loaded Objects now: 1572.
Total: 2.080800 ms (FindLiveObjects: 0.151800 ms CreateObjectMapping: 0.046000 ms MarkObjects: 1.830300 ms  DeleteObjects: 0.051100 ms)

========================================================================
Received Prepare
Registering precompiled user dll's ...
Registered in 0.000858 seconds.
Begin MonoManager ReloadAssembly
Native extension for WindowsStandalone target not found
Native extension for WebGL target not found
Refreshing native plugins compatible for Editor in 0.21 ms, found 0 plugins.
Preloading 0 native plugins for Editor in 0.00 ms.
Invoked RoslynAnalysisRunner static constructor.
RoslynAnalysisRunner will not be running.
RoslynAnalysisRunner has terminated.
Mono: successfully reloaded assembly
- Completed reload, in  0.928 seconds
Platform modules already initialized, skipping
Refreshing native plugins compatible for Editor in 0.26 ms, found 0 plugins.
Preloading 0 native plugins for Editor in 0.00 ms.
Unloading 1105 Unused Serialized files (Serialized files now loaded: 0)
System memory in use before: 60.0 MB.
System memory in use after: 60.0 MB.

Unloading 5 unused Assets to reduce memory usage. Loaded Objects now: 1574.
Total: 1.996000 ms (FindLiveObjects: 0.185700 ms CreateObjectMapping: 0.036700 ms MarkObjects: 1.716100 ms  DeleteObjects: 0.055900 ms)

========================================================================
Received Import Request.
  Time since last request: 773.418219 seconds.
  path: Assets/Textures/pokemonred-e1529430185757.jpg
  artifactKey: Guid(17be0daee6741084ea7d04f10075dcf3) Importer(815301076,1909f56bfc062723c751e8b465ee728b)
Start importing Assets/Textures/pokemonred-e1529430185757.jpg using Guid(17be0daee6741084ea7d04f10075dcf3) Importer(815301076,1909f56bfc062723c751e8b465ee728b)  -> (artifact id: '85a963105c8896958d561d3e35567751') in 0.048333 seconds
  Import took 0.051246 seconds .

========================================================================
Received Import Request.
  Time since last request: 166.962007 seconds.
  path: Assets/Prefabs/Player.prefab
  artifactKey: Guid(1052f1f29ca531644953d9b2d1a809b3) Importer(815301076,1909f56bfc062723c751e8b465ee728b)
Start importing Assets/Prefabs/Player.prefab using Guid(1052f1f29ca531644953d9b2d1a809b3) Importer(815301076,1909f56bfc062723c751e8b465ee728b)  -> (artifact id: '4c8b15307aec8327a2b0d2543af4f783') in 0.028765 seconds
  Import took 0.031849 seconds .

========================================================================
Received Import Request.
  Time since last request: 0.017514 seconds.
  path: Assets/Prefabs/Player.prefab
  artifactKey: Guid(1052f1f29ca531644953d9b2d1a809b3) Importer(815301076,1909f56bfc062723c751e8b465ee728b)
Start importing Assets/Prefabs/Player.prefab using Guid(1052f1f29ca531644953d9b2d1a809b3) Importer(815301076,1909f56bfc062723c751e8b465ee728b)  -> (artifact id: '4c8b15307aec8327a2b0d2543af4f783') in 0.006969 seconds
  Import took 0.009536 seconds .

========================================================================
Received Prepare
Registering precompiled user dll's ...
Registered in 0.001254 seconds.
Begin MonoManager ReloadAssembly
Native extension for WindowsStandalone target not found
Native extension for WebGL target not found
Refreshing native plugins compatible for Editor in 0.23 ms, found 0 plugins.
Preloading 0 native plugins for Editor in 0.00 ms.
Invoked RoslynAnalysisRunner static constructor.
RoslynAnalysisRunner will not be running.
RoslynAnalysisRunner has terminated.
Mono: successfully reloaded assembly
- Completed reload, in  0.886 seconds
Platform modules already initialized, skipping
Refreshing native plugins compatible for Editor in 0.23 ms, found 0 plugins.
Preloading 0 native plugins for Editor in 0.00 ms.
Unloading 1105 Unused Serialized files (Serialized files now loaded: 0)
System memory in use before: 60.0 MB.
System memory in use after: 60.1 MB.

Unloading 5 unused Assets to reduce memory usage. Loaded Objects now: 1577.
Total: 1.919900 ms (FindLiveObjects: 0.167900 ms CreateObjectMapping: 0.047100 ms MarkObjects: 1.642400 ms  DeleteObjects: 0.061000 ms)

========================================================================
Received Import Request.
  Time since last request: 12.564875 seconds.
  path: Assets/Prefabs/Player.prefab
  artifactKey: Guid(1052f1f29ca531644953d9b2d1a809b3) Importer(815301076,1909f56bfc062723c751e8b465ee728b)
Start importing Assets/Prefabs/Player.prefab using Guid(1052f1f29ca531644953d9b2d1a809b3) Importer(815301076,1909f56bfc062723c751e8b465ee728b)  -> (artifact id: '3c31d32ef4f6166d9b8ed29321038747') in 0.037101 seconds
  Import took 0.039448 seconds .

========================================================================
Received Prepare
Registering precompiled user dll's ...
Registered in 0.001123 seconds.
Begin MonoManager ReloadAssembly
Native extension for WindowsStandalone target not found
Native extension for WebGL target not found
Refreshing native plugins compatible for Editor in 0.20 ms, found 0 plugins.
Preloading 0 native plugins for Editor in 0.00 ms.
Invoked RoslynAnalysisRunner static constructor.
RoslynAnalysisRunner will not be running.
RoslynAnalysisRunner has terminated.
Mono: successfully reloaded assembly
- Completed reload, in  0.953 seconds
Platform modules already initialized, skipping
Refreshing native plugins compatible for Editor in 0.19 ms, found 0 plugins.
Preloading 0 native plugins for Editor in 0.00 ms.
Unloading 1105 Unused Serialized files (Serialized files now loaded: 0)
System memory in use before: 60.0 MB.
System memory in use after: 60.1 MB.

Unloading 5 unused Assets to reduce memory usage. Loaded Objects now: 1579.
Total: 2.057100 ms (FindLiveObjects: 0.141400 ms CreateObjectMapping: 0.037800 ms MarkObjects: 1.824000 ms  DeleteObjects: 0.052900 ms)

========================================================================
Received Import Request.
  Time since last request: 15.536608 seconds.
  path: Assets/Prefabs/Player.prefab
  artifactKey: Guid(1052f1f29ca531644953d9b2d1a809b3) Importer(815301076,1909f56bfc062723c751e8b465ee728b)
Start importing Assets/Prefabs/Player.prefab using Guid(1052f1f29ca531644953d9b2d1a809b3) Importer(815301076,1909f56bfc062723c751e8b465ee728b)  -> (artifact id: 'd5e2488ee061e9c5166ed432e6e64c74') in 0.036460 seconds
  Import took 0.038871 seconds .

========================================================================
Received Prepare
Registering precompiled user dll's ...
Registered in 0.001022 seconds.
Begin MonoManager ReloadAssembly
Native extension for WindowsStandalone target not found
Native extension for WebGL target not found
Refreshing native plugins compatible for Editor in 0.20 ms, found 0 plugins.
Preloading 0 native plugins for Editor in 0.00 ms.
Invoked RoslynAnalysisRunner static constructor.
RoslynAnalysisRunner will not be running.
RoslynAnalysisRunner has terminated.
Mono: successfully reloaded assembly
- Completed reload, in  0.893 seconds
Platform modules already initialized, skipping
Refreshing native plugins compatible for Editor in 0.25 ms, found 0 plugins.
Preloading 0 native plugins for Editor in 0.00 ms.
Unloading 1105 Unused Serialized files (Serialized files now loaded: 0)
System memory in use before: 60.0 MB.
System memory in use after: 60.1 MB.

Unloading 5 unused Assets to reduce memory usage. Loaded Objects now: 1581.
Total: 2.350200 ms (FindLiveObjects: 0.226200 ms CreateObjectMapping: 0.074100 ms MarkObjects: 1.991200 ms  DeleteObjects: 0.056900 ms)

========================================================================
Received Import Request.
  Time since last request: 35.083648 seconds.
  path: Assets/Prefabs/Player.prefab
  artifactKey: Guid(1052f1f29ca531644953d9b2d1a809b3) Importer(815301076,1909f56bfc062723c751e8b465ee728b)
Start importing Assets/Prefabs/Player.prefab using Guid(1052f1f29ca531644953d9b2d1a809b3) Importer(815301076,1909f56bfc062723c751e8b465ee728b)  -> (artifact id: '50340367d6085889df550ccc29240bce') in 0.035583 seconds
  Import took 0.038231 seconds .

========================================================================
Received Prepare
Registering precompiled user dll's ...
Registered in 0.001075 seconds.
Begin MonoManager ReloadAssembly
Native extension for WindowsStandalone target not found
Native extension for WebGL target not found
Refreshing native plugins compatible for Editor in 0.20 ms, found 0 plugins.
Preloading 0 native plugins for Editor in 0.00 ms.
Invoked RoslynAnalysisRunner static constructor.
RoslynAnalysisRunner will not be running.
RoslynAnalysisRunner has terminated.
Mono: successfully reloaded assembly
- Completed reload, in  0.972 seconds
Platform modules already initialized, skipping
Refreshing native plugins compatible for Editor in 0.22 ms, found 0 plugins.
Preloading 0 native plugins for Editor in 0.00 ms.
Unloading 1105 Unused Serialized files (Serialized files now loaded: 0)
System memory in use before: 60.1 MB.
System memory in use after: 60.1 MB.

Unloading 5 unused Assets to reduce memory usage. Loaded Objects now: 1583.
Total: 1.860500 ms (FindLiveObjects: 0.189000 ms CreateObjectMapping: 0.049500 ms MarkObjects: 1.571000 ms  DeleteObjects: 0.049600 ms)

========================================================================
Received Import Request.
  Time since last request: 106.266222 seconds.
  path: Assets/Prefabs/Enemy.prefab
  artifactKey: Guid(1b07d8f6f0879f1428c623f6e69ed8cb) Importer(815301076,1909f56bfc062723c751e8b465ee728b)
Start importing Assets/Prefabs/Enemy.prefab using Guid(1b07d8f6f0879f1428c623f6e69ed8cb) Importer(815301076,1909f56bfc062723c751e8b465ee728b)  -> (artifact id: 'c87ffd5353c16e722edcd340a59e1445') in 0.047232 seconds
  Import took 0.051465 seconds .

========================================================================
Received Import Request.
  Time since last request: 3.964877 seconds.
  path: Assets/Textures/pokemonred-e1529430185757.jpg
  artifactKey: Guid(17be0daee6741084ea7d04f10075dcf3) Importer(815301076,1909f56bfc062723c751e8b465ee728b)
Start importing Assets/Textures/pokemonred-e1529430185757.jpg using Guid(17be0daee6741084ea7d04f10075dcf3) Importer(815301076,1909f56bfc062723c751e8b465ee728b)  -> (artifact id: '2888207cc56c78a3a473516c86805393') in 0.046975 seconds
  Import took 0.049524 seconds .

========================================================================
Received Import Request.
  Time since last request: 4.874125 seconds.
  path: Assets/Textures/download.jfif
  artifactKey: Guid(736408a043ed28648a1097bf8b0b67f2) Importer(815301076,1909f56bfc062723c751e8b465ee728b)
Start importing Assets/Textures/download.jfif using Guid(736408a043ed28648a1097bf8b0b67f2) Importer(815301076,1909f56bfc062723c751e8b465ee728b)  -> (artifact id: 'c689766869e7708634b6f13ae5b4623a') in 0.010990 seconds
  Import took 0.013368 seconds .

========================================================================
Received Import Request.
  Time since last request: 132.999045 seconds.
  path: Assets/Textures/pokemonred-e15294301857575.jpg
  artifactKey: Guid(a9bf644e4101f6147a62112a78eced0a) Importer(815301076,1909f56bfc062723c751e8b465ee728b)
Start importing Assets/Textures/pokemonred-e15294301857575.jpg using Guid(a9bf644e4101f6147a62112a78eced0a) Importer(815301076,1909f56bfc062723c751e8b465ee728b)  -> (artifact id: '11923562823dea124aad0c4ccb843a6f') in 0.015491 seconds
  Import took 0.018133 seconds .

========================================================================
Received Import Request.
  Time since last request: 13.330782 seconds.
  path: Assets/Textures/pokemonred-e15294301857575.jpg
  artifactKey: Guid(a9bf644e4101f6147a62112a78eced0a) Importer(815301076,1909f56bfc062723c751e8b465ee728b)
Start importing Assets/Textures/pokemonred-e15294301857575.jpg using Guid(a9bf644e4101f6147a62112a78eced0a) Importer(815301076,1909f56bfc062723c751e8b465ee728b)  -> (artifact id: 'bc7bcb9936de3cb95b3723d14b432903') in 0.023858 seconds
  Import took 0.026694 seconds .

========================================================================
Received Import Request.
  Time since last request: 17.954247 seconds.
  path: Assets/Prefabs/Enemy.prefab
  artifactKey: Guid(1b07d8f6f0879f1428c623f6e69ed8cb) Importer(815301076,1909f56bfc062723c751e8b465ee728b)
Start importing Assets/Prefabs/Enemy.prefab using Guid(1b07d8f6f0879f1428c623f6e69ed8cb) Importer(815301076,1909f56bfc062723c751e8b465ee728b)  -> (artifact id: '77dc8946f802135b40c2cd4a5fe84c28') in 0.006385 seconds
  Import took 0.009022 seconds .

========================================================================
Received Prepare
Registering precompiled user dll's ...
Registered in 0.001017 seconds.
Begin MonoManager ReloadAssembly
Native extension for WindowsStandalone target not found
Native extension for WebGL target not found
Refreshing native plugins compatible for Editor in 0.52 ms, found 0 plugins.
Preloading 0 native plugins for Editor in 0.00 ms.
Invoked RoslynAnalysisRunner static constructor.
RoslynAnalysisRunner will not be running.
RoslynAnalysisRunner has terminated.
Mono: successfully reloaded assembly
- Completed reload, in  0.878 seconds
Platform modules already initialized, skipping
Refreshing native plugins compatible for Editor in 0.19 ms, found 0 plugins.
Preloading 0 native plugins for Editor in 0.00 ms.
Unloading 1105 Unused Serialized files (Serialized files now loaded: 0)
System memory in use before: 60.1 MB.
System memory in use after: 60.2 MB.

Unloading 5 unused Assets to reduce memory usage. Loaded Objects now: 1590.
Total: 2.305600 ms (FindLiveObjects: 0.205100 ms CreateObjectMapping: 0.076000 ms MarkObjects: 1.945200 ms  DeleteObjects: 0.078000 ms)

========================================================================
Received Import Request.
  Time since last request: 15.179156 seconds.
  path: Assets/Prefabs/Enemy.prefab
  artifactKey: Guid(1b07d8f6f0879f1428c623f6e69ed8cb) Importer(815301076,1909f56bfc062723c751e8b465ee728b)
Start importing Assets/Prefabs/Enemy.prefab using Guid(1b07d8f6f0879f1428c623f6e69ed8cb) Importer(815301076,1909f56bfc062723c751e8b465ee728b)  -> (artifact id: '3b4ed0f6c67aa011db04d69ed2fc7d8a') in 0.037091 seconds
  Import took 0.039512 seconds .

========================================================================
Received Prepare
Registering precompiled user dll's ...
Registered in 0.001243 seconds.
Begin MonoManager ReloadAssembly
Native extension for WindowsStandalone target not found
Native extension for WebGL target not found
Refreshing native plugins compatible for Editor in 0.33 ms, found 0 plugins.
Preloading 0 native plugins for Editor in 0.00 ms.
Invoked RoslynAnalysisRunner static constructor.
RoslynAnalysisRunner will not be running.
RoslynAnalysisRunner has terminated.
Mono: successfully reloaded assembly
- Completed reload, in  0.913 seconds
Platform modules already initialized, skipping
Refreshing native plugins compatible for Editor in 0.20 ms, found 0 plugins.
Preloading 0 native plugins for Editor in 0.00 ms.
Unloading 1105 Unused Serialized files (Serialized files now loaded: 0)
System memory in use before: 60.1 MB.
System memory in use after: 60.2 MB.

Unloading 5 unused Assets to reduce memory usage. Loaded Objects now: 1592.
Total: 2.082200 ms (FindLiveObjects: 0.173400 ms CreateObjectMapping: 0.046100 ms MarkObjects: 1.805800 ms  DeleteObjects: 0.055200 ms)

========================================================================
Received Import Request.
  Time since last request: 35.417518 seconds.
  path: Assets/Prefabs/Enemy.prefab
  artifactKey: Guid(1b07d8f6f0879f1428c623f6e69ed8cb) Importer(815301076,1909f56bfc062723c751e8b465ee728b)
Start importing Assets/Prefabs/Enemy.prefab using Guid(1b07d8f6f0879f1428c623f6e69ed8cb) Importer(815301076,1909f56bfc062723c751e8b465ee728b)  -> (artifact id: '876767b45d03618d58957a7d90636241') in 0.037276 seconds
  Import took 0.039837 seconds .

========================================================================
Received Import Request.
  Time since last request: 6.419988 seconds.
  path: Assets/Prefabs/Player.prefab
  artifactKey: Guid(1052f1f29ca531644953d9b2d1a809b3) Importer(815301076,1909f56bfc062723c751e8b465ee728b)
Start importing Assets/Prefabs/Player.prefab using Guid(1052f1f29ca531644953d9b2d1a809b3) Importer(815301076,1909f56bfc062723c751e8b465ee728b)  -> (artifact id: '62afffadf8a47f225c8b719923f7e0e0') in 0.007537 seconds
  Import took 0.010208 seconds .

========================================================================
Received Import Request.
  Time since last request: 101.933455 seconds.
  path: Assets/Scripts/WonState.cs
  artifactKey: Guid(3902e9ea88074dc5945f0080e04c8d6c) Importer(815301076,1909f56bfc062723c751e8b465ee728b)
Start importing Assets/Scripts/WonState.cs using Guid(3902e9ea88074dc5945f0080e04c8d6c) Importer(815301076,1909f56bfc062723c751e8b465ee728b)  -> (artifact id: 'a11a093d0552e5304a9ea3e8de4dec73') in 0.005460 seconds
  Import took 0.008296 seconds .

========================================================================
Received Import Request.
  Time since last request: 0.001707 seconds.
  path: Assets/Scripts/WonState.cs
  artifactKey: Guid(3902e9ea88074dc5945f0080e04c8d6c) Importer(815301076,1909f56bfc062723c751e8b465ee728b)
Start importing Assets/Scripts/WonState.cs using Guid(3902e9ea88074dc5945f0080e04c8d6c) Importer(815301076,1909f56bfc062723c751e8b465ee728b)  -> (artifact id: 'a11a093d0552e5304a9ea3e8de4dec73') in 0.004962 seconds
  Import took 0.008601 seconds .

========================================================================
Received Prepare
Registering precompiled user dll's ...
Registered in 0.000796 seconds.
Begin MonoManager ReloadAssembly
Native extension for WindowsStandalone target not found
Native extension for WebGL target not found
Refreshing native plugins compatible for Editor in 0.21 ms, found 0 plugins.
Preloading 0 native plugins for Editor in 0.00 ms.
Invoked RoslynAnalysisRunner static constructor.
RoslynAnalysisRunner will not be running.
RoslynAnalysisRunner has terminated.
Mono: successfully reloaded assembly
- Completed reload, in  0.920 seconds
Platform modules already initialized, skipping
Refreshing native plugins compatible for Editor in 0.27 ms, found 0 plugins.
Preloading 0 native plugins for Editor in 0.00 ms.
Unloading 1105 Unused Serialized files (Serialized files now loaded: 0)
System memory in use before: 60.1 MB.
System memory in use after: 60.2 MB.

Unloading 5 unused Assets to reduce memory usage. Loaded Objects now: 1594.
Total: 2.568500 ms (FindLiveObjects: 0.224100 ms CreateObjectMapping: 0.089100 ms MarkObjects: 2.151800 ms  DeleteObjects: 0.101700 ms)

========================================================================
Received Import Request.
  Time since last request: 354.002157 seconds.
  path: Assets/Scripts/WonState.cs
  artifactKey: Guid(3902e9ea88074dc5945f0080e04c8d6c) Importer(815301076,1909f56bfc062723c751e8b465ee728b)
Start importing Assets/Scripts/WonState.cs using Guid(3902e9ea88074dc5945f0080e04c8d6c) Importer(815301076,1909f56bfc062723c751e8b465ee728b)  -> (artifact id: 'f6d1f9dd5ccc97f88a593e7c4c43baf0') in 0.006167 seconds
  Import took 0.008676 seconds .

========================================================================
Received Import Request.
  Time since last request: 60.499565 seconds.
  path: Assets/Scripts/HUD.cs
  artifactKey: Guid(263472f3a2a91854986b54ef1d706d59) Importer(815301076,1909f56bfc062723c751e8b465ee728b)
Start importing Assets/Scripts/HUD.cs using Guid(263472f3a2a91854986b54ef1d706d59) Importer(815301076,1909f56bfc062723c751e8b465ee728b)  -> (artifact id: 'dbd21835e8e4a6fbc33b0f4eb6e3212d') in 0.004748 seconds
  Import took 0.007515 seconds .

========================================================================
Received Import Request.
  Time since last request: 97.711107 seconds.
  path: Assets/Scripts/HUD.cs
  artifactKey: Guid(263472f3a2a91854986b54ef1d706d59) Importer(815301076,1909f56bfc062723c751e8b465ee728b)
Start importing Assets/Scripts/HUD.cs using Guid(263472f3a2a91854986b54ef1d706d59) Importer(815301076,1909f56bfc062723c751e8b465ee728b)  -> (artifact id: 'cb4f3240f5b83c2330b01ec0595781c4') in 0.007777 seconds
  Import took 0.010664 seconds .

========================================================================
Received Import Request.
  Time since last request: 1.907584 seconds.
  path: Assets/Scripts/PauseState.cs
  artifactKey: Guid(d1f02b4f1c504d6da4181e6aa5fcddef) Importer(815301076,1909f56bfc062723c751e8b465ee728b)
Start importing Assets/Scripts/PauseState.cs using Guid(d1f02b4f1c504d6da4181e6aa5fcddef) Importer(815301076,1909f56bfc062723c751e8b465ee728b)  -> (artifact id: '4c9c12fc396e0da7e6cbb4052997b83b') in 0.004310 seconds
  Import took 0.006959 seconds .

========================================================================
Received Prepare
Registering precompiled user dll's ...
Registered in 0.001375 seconds.
Begin MonoManager ReloadAssembly
Native extension for WindowsStandalone target not found
Native extension for WebGL target not found
Refreshing native plugins compatible for Editor in 0.46 ms, found 0 plugins.
Preloading 0 native plugins for Editor in 0.00 ms.
Invoked RoslynAnalysisRunner static constructor.
RoslynAnalysisRunner will not be running.
RoslynAnalysisRunner has terminated.
Mono: successfully reloaded assembly
- Completed reload, in  1.066 seconds
Platform modules already initialized, skipping
Refreshing native plugins compatible for Editor in 0.27 ms, found 0 plugins.
Preloading 0 native plugins for Editor in 0.00 ms.
Unloading 1104 Unused Serialized files (Serialized files now loaded: 0)
System memory in use before: 60.1 MB.
System memory in use after: 60.1 MB.

Unloading 6 unused Assets to reduce memory usage. Loaded Objects now: 1595.
Total: 2.078600 ms (FindLiveObjects: 0.170400 ms CreateObjectMapping: 0.049000 ms MarkObjects: 1.801000 ms  DeleteObjects: 0.056800 ms)

========================================================================
Received Prepare
Registering precompiled user dll's ...
Registered in 0.000837 seconds.
Begin MonoManager ReloadAssembly
Native extension for WindowsStandalone target not found
Native extension for WebGL target not found
Refreshing native plugins compatible for Editor in 0.21 ms, found 0 plugins.
Preloading 0 native plugins for Editor in 0.00 ms.
Invoked RoslynAnalysisRunner static constructor.
RoslynAnalysisRunner will not be running.
RoslynAnalysisRunner has terminated.
Mono: successfully reloaded assembly
- Completed reload, in  0.915 seconds
Platform modules already initialized, skipping
Refreshing native plugins compatible for Editor in 0.27 ms, found 0 plugins.
Preloading 0 native plugins for Editor in 0.00 ms.
Unloading 1104 Unused Serialized files (Serialized files now loaded: 0)
System memory in use before: 60.1 MB.
System memory in use after: 60.2 MB.

Unloading 5 unused Assets to reduce memory usage. Loaded Objects now: 1597.
Total: 2.307200 ms (FindLiveObjects: 0.235700 ms CreateObjectMapping: 0.072700 ms MarkObjects: 1.938300 ms  DeleteObjects: 0.058700 ms)

========================================================================
Received Prepare
Registering precompiled user dll's ...
Registered in 0.000860 seconds.
Begin MonoManager ReloadAssembly
Native extension for WindowsStandalone target not found
Native extension for WebGL target not found
Refreshing native plugins compatible for Editor in 0.20 ms, found 0 plugins.
Preloading 0 native plugins for Editor in 0.00 ms.
Invoked RoslynAnalysisRunner static constructor.
RoslynAnalysisRunner will not be running.
RoslynAnalysisRunner has terminated.
Mono: successfully reloaded assembly
- Completed reload, in  0.924 seconds
Platform modules already initialized, skipping
Refreshing native plugins compatible for Editor in 0.28 ms, found 0 plugins.
Preloading 0 native plugins for Editor in 0.00 ms.
Unloading 1104 Unused Serialized files (Serialized files now loaded: 0)
System memory in use before: 60.1 MB.
System memory in use after: 60.2 MB.

Unloading 5 unused Assets to reduce memory usage. Loaded Objects now: 1599.
Total: 2.021200 ms (FindLiveObjects: 0.259900 ms CreateObjectMapping: 0.075000 ms MarkObjects: 1.631200 ms  DeleteObjects: 0.054100 ms)

========================================================================
Received Import Request.
  Time since last request: 272.534712 seconds.
  path: Assets/Scripts/State.cs
  artifactKey: Guid(b13f4bb7d6f74860800d3d141f2acef2) Importer(815301076,1909f56bfc062723c751e8b465ee728b)
Start importing Assets/Scripts/State.cs using Guid(b13f4bb7d6f74860800d3d141f2acef2) Importer(815301076,1909f56bfc062723c751e8b465ee728b)  -> (artifact id: '71cd3b429a0c7f52dc3a643ec5522506') in 0.007634 seconds
  Import took 0.010439 seconds .

========================================================================
Received Import Request.
  Time since last request: 0.005323 seconds.
  path: Assets/Scripts/State.cs
  artifactKey: Guid(b13f4bb7d6f74860800d3d141f2acef2) Importer(815301076,1909f56bfc062723c751e8b465ee728b)
Start importing Assets/Scripts/State.cs using Guid(b13f4bb7d6f74860800d3d141f2acef2) Importer(815301076,1909f56bfc062723c751e8b465ee728b)  -> (artifact id: '71cd3b429a0c7f52dc3a643ec5522506') in 0.005450 seconds
  Import took 0.007978 seconds .

========================================================================
Received Import Request.
  Time since last request: 7.895305 seconds.
  path: Assets/Scripts/PlayerTurnState.cs
  artifactKey: Guid(9d3a0da8dcff4552a6fb0376ff882f91) Importer(815301076,1909f56bfc062723c751e8b465ee728b)
Start importing Assets/Scripts/PlayerTurnState.cs using Guid(9d3a0da8dcff4552a6fb0376ff882f91) Importer(815301076,1909f56bfc062723c751e8b465ee728b)  -> (artifact id: 'e3bb983e1b0264458781661e6dd70261') in 0.004335 seconds
  Import took 0.007084 seconds .

========================================================================
Received Prepare
Registering precompiled user dll's ...
Registered in 0.000862 seconds.
Begin MonoManager ReloadAssembly
Native extension for WindowsStandalone target not found
Native extension for WebGL target not found
Refreshing native plugins compatible for Editor in 0.20 ms, found 0 plugins.
Preloading 0 native plugins for Editor in 0.00 ms.
Invoked RoslynAnalysisRunner static constructor.
RoslynAnalysisRunner will not be running.
RoslynAnalysisRunner has terminated.
Mono: successfully reloaded assembly
- Completed reload, in  0.889 seconds
Platform modules already initialized, skipping
Refreshing native plugins compatible for Editor in 0.47 ms, found 0 plugins.
Preloading 0 native plugins for Editor in 0.00 ms.
Unloading 1104 Unused Serialized files (Serialized files now loaded: 0)
System memory in use before: 60.1 MB.
System memory in use after: 60.2 MB.

Unloading 5 unused Assets to reduce memory usage. Loaded Objects now: 1601.
Total: 1.992000 ms (FindLiveObjects: 0.131100 ms CreateObjectMapping: 0.034300 ms MarkObjects: 1.736100 ms  DeleteObjects: 0.089500 ms)

========================================================================
Received Import Request.
  Time since last request: 86.752341 seconds.
  path: Assets/Scripts/PlayerTurnState.cs
  artifactKey: Guid(9d3a0da8dcff4552a6fb0376ff882f91) Importer(815301076,1909f56bfc062723c751e8b465ee728b)
Start importing Assets/Scripts/PlayerTurnState.cs using Guid(9d3a0da8dcff4552a6fb0376ff882f91) Importer(815301076,1909f56bfc062723c751e8b465ee728b)  -> (artifact id: '2cae2b08a947041009512e1542f51b25') in 0.005775 seconds
  Import took 0.007979 seconds .

========================================================================
Received Import Request.
  Time since last request: 0.000970 seconds.
  path: Assets/Scripts/PlayerTurnState.cs
  artifactKey: Guid(9d3a0da8dcff4552a6fb0376ff882f91) Importer(815301076,1909f56bfc062723c751e8b465ee728b)
Start importing Assets/Scripts/PlayerTurnState.cs using Guid(9d3a0da8dcff4552a6fb0376ff882f91) Importer(815301076,1909f56bfc062723c751e8b465ee728b)  -> (artifact id: '2cae2b08a947041009512e1542f51b25') in 0.003496 seconds
  Import took 0.005648 seconds .

========================================================================
Received Import Request.
  Time since last request: 1.713910 seconds.
  path: Assets/Scripts/EnemyTurnState.cs
  artifactKey: Guid(8246298c22ad45439a5d2f03097af879) Importer(815301076,1909f56bfc062723c751e8b465ee728b)
Start importing Assets/Scripts/EnemyTurnState.cs using Guid(8246298c22ad45439a5d2f03097af879) Importer(815301076,1909f56bfc062723c751e8b465ee728b)  -> (artifact id: '3019732649e11404316a10e7f0ff5d91') in 0.005610 seconds
  Import took 0.008283 seconds .

========================================================================
Received Prepare
Registering precompiled user dll's ...
Registered in 0.000895 seconds.
Begin MonoManager ReloadAssembly
Native extension for WindowsStandalone target not found
Native extension for WebGL target not found
Refreshing native plugins compatible for Editor in 0.20 ms, found 0 plugins.
Preloading 0 native plugins for Editor in 0.00 ms.
Invoked RoslynAnalysisRunner static constructor.
RoslynAnalysisRunner will not be running.
RoslynAnalysisRunner has terminated.
Mono: successfully reloaded assembly
- Completed reload, in  0.884 seconds
Platform modules already initialized, skipping
Refreshing native plugins compatible for Editor in 0.20 ms, found 0 plugins.
Preloading 0 native plugins for Editor in 0.00 ms.
Unloading 1104 Unused Serialized files (Serialized files now loaded: 0)
System memory in use before: 60.1 MB.
System memory in use after: 60.2 MB.

Unloading 5 unused Assets to reduce memory usage. Loaded Objects now: 1603.
Total: 2.156500 ms (FindLiveObjects: 0.177500 ms CreateObjectMapping: 0.051900 ms MarkObjects: 1.868700 ms  DeleteObjects: 0.056900 ms)

========================================================================
Received Import Request.
  Time since last request: 36.180819 seconds.
  path: Assets/Scripts/EnemyTurnState.cs
  artifactKey: Guid(8246298c22ad45439a5d2f03097af879) Importer(815301076,1909f56bfc062723c751e8b465ee728b)
Start importing Assets/Scripts/EnemyTurnState.cs using Guid(8246298c22ad45439a5d2f03097af879) Importer(815301076,1909f56bfc062723c751e8b465ee728b)  -> (artifact id: 'e62cb6431bb0fbf83028d6863207f2d9') in 0.005431 seconds
  Import took 0.007691 seconds .

========================================================================
Received Prepare
Registering precompiled user dll's ...
Registered in 0.000820 seconds.
Begin MonoManager ReloadAssembly
Native extension for WindowsStandalone target not found
Native extension for WebGL target not found
Refreshing native plugins compatible for Editor in 0.23 ms, found 0 plugins.
Preloading 0 native plugins for Editor in 0.00 ms.
Invoked RoslynAnalysisRunner static constructor.
RoslynAnalysisRunner will not be running.
RoslynAnalysisRunner has terminated.
Mono: successfully reloaded assembly
- Completed reload, in  0.910 seconds
Platform modules already initialized, skipping
Refreshing native plugins compatible for Editor in 0.25 ms, found 0 plugins.
Preloading 0 native plugins for Editor in 0.00 ms.
Unloading 1104 Unused Serialized files (Serialized files now loaded: 0)
System memory in use before: 60.1 MB.
System memory in use after: 60.2 MB.

Unloading 5 unused Assets to reduce memory usage. Loaded Objects now: 1605.
Total: 4.297400 ms (FindLiveObjects: 0.397400 ms CreateObjectMapping: 0.105500 ms MarkObjects: 3.678400 ms  DeleteObjects: 0.113200 ms)

========================================================================
Received Import Request.
  Time since last request: 92.381776 seconds.
  path: Assets/Scripts/EnemyTurnState.cs
  artifactKey: Guid(8246298c22ad45439a5d2f03097af879) Importer(815301076,1909f56bfc062723c751e8b465ee728b)
Start importing Assets/Scripts/EnemyTurnState.cs using Guid(8246298c22ad45439a5d2f03097af879) Importer(815301076,1909f56bfc062723c751e8b465ee728b)  -> (artifact id: '048ec746bd162afeca2c30443ed836bc') in 0.011718 seconds
  Import took 0.016383 seconds .

========================================================================
Received Import Request.
  Time since last request: 27.691381 seconds.
  path: Assets/Scripts/PlayerTurnState.cs
  artifactKey: Guid(9d3a0da8dcff4552a6fb0376ff882f91) Importer(815301076,1909f56bfc062723c751e8b465ee728b)
Start importing Assets/Scripts/PlayerTurnState.cs using Guid(9d3a0da8dcff4552a6fb0376ff882f91) Importer(815301076,1909f56bfc062723c751e8b465ee728b)  -> (artifact id: '74738de729d87d799d6ed9aea9bbf1e8') in 0.004134 seconds
  Import took 0.006456 seconds .

========================================================================
Received Import Request.
  Time since last request: 0.031048 seconds.
  path: Assets/Scripts/PlayerTurnState.cs
  artifactKey: Guid(9d3a0da8dcff4552a6fb0376ff882f91) Importer(815301076,1909f56bfc062723c751e8b465ee728b)
Start importing Assets/Scripts/PlayerTurnState.cs using Guid(9d3a0da8dcff4552a6fb0376ff882f91) Importer(815301076,1909f56bfc062723c751e8b465ee728b)  -> (artifact id: '74738de729d87d799d6ed9aea9bbf1e8') in 0.004792 seconds
  Import took 0.007522 seconds .

========================================================================
Received Prepare
Registering precompiled user dll's ...
Registered in 0.000829 seconds.
Begin MonoManager ReloadAssembly
Native extension for WindowsStandalone target not found
Native extension for WebGL target not found
Refreshing native plugins compatible for Editor in 0.20 ms, found 0 plugins.
Preloading 0 native plugins for Editor in 0.00 ms.
Invoked RoslynAnalysisRunner static constructor.
RoslynAnalysisRunner will not be running.
RoslynAnalysisRunner has terminated.
Mono: successfully reloaded assembly
- Completed reload, in  0.930 seconds
Platform modules already initialized, skipping
Refreshing native plugins compatible for Editor in 0.25 ms, found 0 plugins.
Preloading 0 native plugins for Editor in 0.00 ms.
Unloading 1104 Unused Serialized files (Serialized files now loaded: 0)
System memory in use before: 60.1 MB.
System memory in use after: 60.2 MB.

Unloading 5 unused Assets to reduce memory usage. Loaded Objects now: 1607.
Total: 2.951300 ms (FindLiveObjects: 0.277200 ms CreateObjectMapping: 0.067700 ms MarkObjects: 2.500500 ms  DeleteObjects: 0.104400 ms)

========================================================================
Received Import Request.
  Time since last request: 162.244156 seconds.
  path: Assets/Scripts/PlayerTurnState.cs
  artifactKey: Guid(9d3a0da8dcff4552a6fb0376ff882f91) Importer(815301076,1909f56bfc062723c751e8b465ee728b)
Start importing Assets/Scripts/PlayerTurnState.cs using Guid(9d3a0da8dcff4552a6fb0376ff882f91) Importer(815301076,1909f56bfc062723c751e8b465ee728b)  -> (artifact id: 'a26197be4f0271484ccbf9bc508d01ae') in 0.006634 seconds
  Import took 0.008923 seconds .

========================================================================
Received Prepare
Registering precompiled user dll's ...
Registered in 0.000894 seconds.
Begin MonoManager ReloadAssembly
Native extension for WindowsStandalone target not found
Native extension for WebGL target not found
Refreshing native plugins compatible for Editor in 0.41 ms, found 0 plugins.
Preloading 0 native plugins for Editor in 0.00 ms.
Invoked RoslynAnalysisRunner static constructor.
RoslynAnalysisRunner will not be running.
RoslynAnalysisRunner has terminated.
Mono: successfully reloaded assembly
- Completed reload, in  0.978 seconds
Platform modules already initialized, skipping
Refreshing native plugins compatible for Editor in 0.20 ms, found 0 plugins.
Preloading 0 native plugins for Editor in 0.00 ms.
Unloading 1104 Unused Serialized files (Serialized files now loaded: 0)
System memory in use before: 60.1 MB.
System memory in use after: 60.2 MB.

Unloading 5 unused Assets to reduce memory usage. Loaded Objects now: 1609.
Total: 2.033500 ms (FindLiveObjects: 0.147000 ms CreateObjectMapping: 0.040900 ms MarkObjects: 1.789200 ms  DeleteObjects: 0.055300 ms)

========================================================================
Received Import Request.
  Time since last request: 290.961250 seconds.
  path: Assets/Scripts/PlayerTurnState.cs
  artifactKey: Guid(9d3a0da8dcff4552a6fb0376ff882f91) Importer(815301076,1909f56bfc062723c751e8b465ee728b)
Start importing Assets/Scripts/PlayerTurnState.cs using Guid(9d3a0da8dcff4552a6fb0376ff882f91) Importer(815301076,1909f56bfc062723c751e8b465ee728b)  -> (artifact id: '167edba1dfdbd905adc04cf30bc146e5') in 0.005230 seconds
  Import took 0.007299 seconds .

========================================================================
Received Prepare
Registering precompiled user dll's ...
Registered in 0.001091 seconds.
Begin MonoManager ReloadAssembly
Native extension for WindowsStandalone target not found
Native extension for WebGL target not found
Refreshing native plugins compatible for Editor in 0.21 ms, found 0 plugins.
Preloading 0 native plugins for Editor in 0.00 ms.
Invoked RoslynAnalysisRunner static constructor.
RoslynAnalysisRunner will not be running.
RoslynAnalysisRunner has terminated.
Mono: successfully reloaded assembly
- Completed reload, in  0.837 seconds
Platform modules already initialized, skipping
Refreshing native plugins compatible for Editor in 0.20 ms, found 0 plugins.
Preloading 0 native plugins for Editor in 0.00 ms.
Unloading 1104 Unused Serialized files (Serialized files now loaded: 0)
System memory in use before: 60.1 MB.
System memory in use after: 60.2 MB.

Unloading 5 unused Assets to reduce memory usage. Loaded Objects now: 1611.
Total: 1.948800 ms (FindLiveObjects: 0.214300 ms CreateObjectMapping: 0.042200 ms MarkObjects: 1.635700 ms  DeleteObjects: 0.054600 ms)

AssetImportWorkerClient::OnTransportError - code=2 error=End of file
